<?xml version="1.0" encoding="UTF-8"?>
<testng-results ignored="0" total="2" passed="2" failed="0" skipped="0">
  <reporter-output>
  </reporter-output>
  <suite started-at="2019-07-20T05:38:48Z" name="Default suite" finished-at="2019-07-20T05:39:16Z" duration-ms="28170">
    <groups>
    </groups>
    <test started-at="2019-07-20T05:38:48Z" name="Default test" finished-at="2019-07-20T05:39:16Z" duration-ms="28170">
      <class name="testCase.TC_Login1">
        <test-method is-config="true" signature="initiateDriverinstance()[pri:0, instance:testCase.TC_Login1@7f1302d6]" started-at="2019-07-20T05:38:49Z" name="initiateDriverinstance" finished-at="2019-07-20T05:38:57Z" duration-ms="8975" status="PASS">
          <reporter-output>
          </reporter-output>
        </test-method> <!-- initiateDriverinstance -->
        <test-method signature="tc_01_login_test(java.lang.String, java.lang.String)[pri:0, instance:testCase.TC_Login1@7f1302d6]" started-at="2019-07-20T05:38:57Z" name="tc_01_login_test" data-provider="Authentication" finished-at="2019-07-20T05:39:03Z" duration-ms="5850" status="PASS">
          <params>
            <param index="0">
              <value>
                <![CDATA[arjun]]>
              </value>
            </param>
            <param index="1">
              <value>
                <![CDATA[arjun]]>
              </value>
            </param>
          </params>
          <reporter-output>
          </reporter-output>
        </test-method> <!-- tc_01_login_test -->
        <test-method is-config="true" signature="closeDriverInstance(org.testng.ITestResult)[pri:0, instance:testCase.TC_Login1@7f1302d6]" started-at="2019-07-20T05:39:03Z" name="closeDriverInstance" finished-at="2019-07-20T05:39:04Z" duration-ms="880" status="PASS">
          <params>
            <param index="0">
              <value>
                <![CDATA[[TestResult name=tc_01_login_test status=SUCCESS method=TC_Login1.tc_01_login_test(java.lang.String, java.lang.String)[pri:0, instance:testCase.TC_Login1@7f1302d6] output={null}]]]>
              </value>
            </param>
          </params>
          <reporter-output>
          </reporter-output>
        </test-method> <!-- closeDriverInstance -->
        <test-method is-config="true" signature="initiateDriverinstance()[pri:0, instance:testCase.TC_Login1@7f1302d6]" started-at="2019-07-20T05:39:04Z" name="initiateDriverinstance" finished-at="2019-07-20T05:39:10Z" duration-ms="6007" status="PASS">
          <reporter-output>
          </reporter-output>
        </test-method> <!-- initiateDriverinstance -->
        <test-method signature="tc_01_login_test(java.lang.String, java.lang.String)[pri:0, instance:testCase.TC_Login1@7f1302d6]" started-at="2019-07-20T05:39:10Z" name="tc_01_login_test" data-provider="Authentication" finished-at="2019-07-20T05:39:16Z" duration-ms="5528" status="PASS">
          <params>
            <param index="0">
              <value>
                <![CDATA[arjun]]>
              </value>
            </param>
            <param index="1">
              <value>
                <![CDATA[arjun]]>
              </value>
            </param>
          </params>
          <reporter-output>
          </reporter-output>
        </test-method> <!-- tc_01_login_test -->
        <test-method is-config="true" signature="closeDriverInstance(org.testng.ITestResult)[pri:0, instance:testCase.TC_Login1@7f1302d6]" started-at="2019-07-20T05:39:16Z" name="closeDriverInstance" finished-at="2019-07-20T05:39:16Z" duration-ms="233" status="PASS">
          <params>
            <param index="0">
              <value>
                <![CDATA[[TestResult name=tc_01_login_test status=SUCCESS method=TC_Login1.tc_01_login_test(java.lang.String, java.lang.String)[pri:0, instance:testCase.TC_Login1@7f1302d6] output={null}]]]>
              </value>
            </param>
          </params>
          <reporter-output>
          </reporter-output>
        </test-method> <!-- closeDriverInstance -->
      </class> <!-- testCase.TC_Login1 -->
    </test> <!-- Default test -->
  </suite> <!-- Default suite -->
</testng-results>
